\BOOKMARK [1][]{section.5}{\376\377\0001\000\040\000C\000a\000s\000e\000\040\000B\000r\000i\000e\000f}{}% 1
\BOOKMARK [2][]{subsection.6}{\376\377\0001\000.\0001\000\040\000P\000r\000o\000b\000l\000e\000m\000\040\000S\000t\000a\000t\000e\000m\000e\000n\000t}{section.5}% 2
\BOOKMARK [2][]{subsection.10}{\376\377\0001\000.\0002\000\040\000B\000a\000c\000k\000g\000r\000o\000u\000n\000d}{section.5}% 3
\BOOKMARK [3][]{subsubsection.13}{\376\377\0001\000.\0002\000.\0001\000\040\000C\000o\000s\000t\000\040\000B\000a\000s\000e\000\040\000a\000n\000d\000\040\000P\000r\000o\000j\000e\000c\000t\000e\000d\000\040\000R\000e\000v\000e\000n\000u\000e}{subsection.10}% 4
\BOOKMARK [1][]{section.14}{\376\377\0002\000\040\000R\000a\000t\000e\000s\000\040\000O\000u\000t\000l\000o\000o\000k}{}% 5
\BOOKMARK [2][]{subsection.15}{\376\377\0002\000.\0001\000\040\000E\000q\000u\000i\000l\000i\000b\000r\000i\000u\000m\000\040\000a\000n\000d\000\040\000D\000y\000n\000a\000m\000i\000c\000\040\000R\000e\000l\000a\000t\000i\000o\000n\000s\000h\000i\000p\000s}{section.14}% 6
\BOOKMARK [2][]{subsection.16}{\376\377\0002\000.\0002\000\040\000M\000a\000c\000r\000o\000e\000c\000o\000n\000o\000m\000i\000c\000s}{section.14}% 7
\BOOKMARK [1][]{section.17}{\376\377\0003\000\040\000H\000e\000d\000g\000i\000n\000g\000\040\000O\000b\000j\000e\000c\000t\000i\000v\000e\000s}{}% 8
\BOOKMARK [1][]{section.18}{\376\377\0004\000\040\000I\000n\000t\000e\000r\000e\000s\000t\000\040\000R\000a\000t\000e\000\040\000D\000e\000r\000i\000v\000a\000t\000i\000v\000e\000s\000\040\000V\000a\000l\000u\000a\000t\000i\000o\000n}{}% 9
\BOOKMARK [2][]{subsection.19}{\376\377\0004\000.\0001\000\040\000F\000o\000r\000w\000a\000r\000d\000\040\000R\000a\000t\000e\000\040\000A\000g\000r\000e\000e\000m\000e\000n\000t\000s\000\040\000\050\000F\000R\000A\000s\000\051}{section.18}% 10
\BOOKMARK [3][]{subsubsection.20}{\376\377\0004\000.\0001\000.\0001\000\040\000N\000o\000t\000a\000t\000i\000o\000n}{subsection.19}% 11
\BOOKMARK [3][]{subsubsection.21}{\376\377\0004\000.\0001\000.\0002\000\040\000P\000a\000y\000o\000f\000f\000\040\000C\000o\000m\000p\000u\000t\000a\000t\000i\000o\000n}{subsection.19}% 12
\BOOKMARK [3][]{subsubsection.23}{\376\377\0004\000.\0001\000.\0003\000\040\000P\000r\000i\000c\000i\000n\000g}{subsection.19}% 13
\BOOKMARK [2][]{subsection.28}{\376\377\0004\000.\0002\000\040\000B\000A\000B\000\040\000F\000u\000t\000u\000r\000e\000s}{section.18}% 14
\BOOKMARK [3][]{subsubsection.29}{\376\377\0004\000.\0002\000.\0001\000\040\000N\000o\000t\000a\000t\000i\000o\000n}{subsection.28}% 15
\BOOKMARK [3][]{subsubsection.32}{\376\377\0004\000.\0002\000.\0002\000\040\000P\000a\000y\000o\000f\000f\000\040\000C\000o\000m\000p\000u\000t\000a\000t\000i\000o\000n}{subsection.28}% 16
\BOOKMARK [3][]{subsubsection.37}{\376\377\0004\000.\0002\000.\0003\000\040\000P\000r\000i\000c\000i\000n\000g}{subsection.28}% 17
\BOOKMARK [2][]{subsection.41}{\376\377\0004\000.\0003\000\040\000I\000n\000t\000e\000r\000e\000s\000t\000\040\000R\000a\000t\000e\000\040\000S\000w\000a\000p\000s}{section.18}% 18
\BOOKMARK [3][]{subsubsection.42}{\376\377\0004\000.\0003\000.\0001\000\040\000N\000o\000t\000a\000t\000i\000o\000n}{subsection.41}% 19
\BOOKMARK [3][]{subsubsection.45}{\376\377\0004\000.\0003\000.\0002\000\040\000P\000a\000y\000o\000f\000f\000\040\000C\000o\000m\000p\000u\000t\000a\000t\000i\000o\000n}{subsection.41}% 20
\BOOKMARK [3][]{subsubsection.47}{\376\377\0004\000.\0003\000.\0003\000\040\000P\000r\000i\000c\000i\000n\000g}{subsection.41}% 21
\BOOKMARK [2][]{subsection.55}{\376\377\0004\000.\0004\000\040\000I\000n\000t\000e\000r\000e\000s\000t\000\040\000R\000a\000t\000e\000\040\000C\000a\000p\000s}{section.18}% 22
\BOOKMARK [3][]{subsubsection.56}{\376\377\0004\000.\0004\000.\0001\000\040\000N\000o\000t\000a\000t\000i\000o\000n}{subsection.55}% 23
\BOOKMARK [3][]{subsubsection.57}{\376\377\0004\000.\0004\000.\0002\000\040\000P\000a\000y\000o\000f\000f\000\040\000C\000o\000m\000p\000u\000t\000a\000t\000i\000o\000n}{subsection.55}% 24
\BOOKMARK [3][]{subsubsection.59}{\376\377\0004\000.\0004\000.\0003\000\040\000P\000r\000i\000c\000i\000n\000g}{subsection.55}% 25
\BOOKMARK [1][]{section.65}{\376\377\0005\000\040\000H\000e\000d\000g\000i\000n\000g\000\040\000D\000e\000l\000i\000b\000e\000r\000a\000t\000i\000o\000n\000s}{}% 26
\BOOKMARK [2][]{subsection.66}{\376\377\0005\000.\0001\000\040\000N\000o\000t\000\040\000H\000e\000d\000g\000i\000n\000g}{section.65}% 27
\BOOKMARK [3][]{subsubsection.67}{\376\377\0005\000.\0001\000.\0001\000\040\000M\000e\000c\000h\000a\000n\000i\000c\000s}{subsection.66}% 28
\BOOKMARK [3][]{subsubsection.68}{\376\377\0005\000.\0001\000.\0002\000\040\000S\000i\000z\000e\000\040\000o\000r\000\040\000N\000u\000m\000b\000e\000r\000\040\000o\000f\000\040\000C\000o\000n\000t\000r\000a\000c\000t\000s}{subsection.66}% 29
\BOOKMARK [3][]{subsubsection.69}{\376\377\0005\000.\0001\000.\0003\000\040\000P\000o\000s\000i\000t\000i\000o\000n\000\040\000a\000n\000d\000\040\000C\000o\000n\000t\000r\000a\000c\000t\000\040\000M\000a\000t\000u\000r\000i\000t\000i\000e\000s}{subsection.66}% 30
\BOOKMARK [3][]{subsubsection.70}{\376\377\0005\000.\0001\000.\0004\000\040\000T\000i\000m\000i\000n\000g\000\040\000a\000n\000d\000\040\000T\000e\000n\000o\000r}{subsection.66}% 31
\BOOKMARK [3][]{subsubsection.71}{\376\377\0005\000.\0001\000.\0005\000\040\000I\000n\000i\000t\000i\000a\000l\000\040\000a\000n\000d\000\040\000O\000n\000g\000o\000i\000n\000g\000\040\000C\000a\000s\000h\000f\000l\000o\000w\000s\000\040\000a\000n\000d\000\040\000C\000o\000s\000t\000s}{subsection.66}% 32
\BOOKMARK [3][]{subsubsection.73}{\376\377\0005\000.\0001\000.\0006\000\040\000E\000x\000p\000e\000c\000t\000e\000d\000\040\000O\000u\000t\000c\000o\000m\000e\000s\000\040\000o\000r\000\040\000P\000a\000y\000o\000f\000f\000s}{subsection.66}% 33
\BOOKMARK [3][]{subsubsection.75}{\376\377\0005\000.\0001\000.\0007\000\040\000R\000i\000s\000k\000s\000\040\000a\000n\000d\000\040\000D\000o\000w\000n\000s\000i\000d\000e}{subsection.66}% 34
\BOOKMARK [3][]{subsubsection.76}{\376\377\0005\000.\0001\000.\0008\000\040\000F\000e\000a\000s\000i\000b\000i\000l\000i\000t\000y\000\040\000a\000n\000d\000\040\000S\000u\000i\000t\000a\000b\000i\000l\000i\000t\000y}{subsection.66}% 35
\BOOKMARK [3][]{subsubsection.77}{\376\377\0005\000.\0001\000.\0009\000\040\000C\000o\000n\000c\000l\000u\000s\000i\000o\000n}{subsection.66}% 36
\BOOKMARK [2][]{subsection.78}{\376\377\0005\000.\0002\000\040\000F\000o\000r\000w\000a\000r\000d\000s}{section.65}% 37
\BOOKMARK [3][]{subsubsection.79}{\376\377\0005\000.\0002\000.\0001\000\040\000M\000e\000c\000h\000a\000n\000i\000c\000s}{subsection.78}% 38
\BOOKMARK [3][]{subsubsection.80}{\376\377\0005\000.\0002\000.\0002\000\040\000S\000i\000z\000e\000\040\000o\000r\000\040\000N\000u\000m\000b\000e\000r\000\040\000o\000f\000\040\000C\000o\000n\000t\000r\000a\000c\000t\000s}{subsection.78}% 39
\BOOKMARK [3][]{subsubsection.81}{\376\377\0005\000.\0002\000.\0003\000\040\000P\000o\000s\000i\000t\000i\000o\000n\000\040\000a\000n\000d\000\040\000C\000o\000n\000t\000r\000a\000c\000t\000\040\000M\000a\000t\000u\000r\000i\000t\000i\000e\000s}{subsection.78}% 40
\BOOKMARK [3][]{subsubsection.82}{\376\377\0005\000.\0002\000.\0004\000\040\000T\000i\000m\000i\000n\000g\000\040\000a\000n\000d\000\040\000T\000e\000n\000o\000r}{subsection.78}% 41
\BOOKMARK [3][]{subsubsection.83}{\376\377\0005\000.\0002\000.\0005\000\040\000I\000n\000i\000t\000i\000a\000l\000\040\000a\000n\000d\000\040\000O\000n\000g\000o\000i\000n\000g\000\040\000C\000a\000s\000h\000f\000l\000o\000w\000s\000\040\000a\000n\000d\000\040\000C\000o\000s\000t\000s}{subsection.78}% 42
\BOOKMARK [3][]{subsubsection.84}{\376\377\0005\000.\0002\000.\0006\000\040\000E\000x\000p\000e\000c\000t\000e\000d\000\040\000O\000u\000t\000c\000o\000m\000e\000s\000\040\000o\000r\000\040\000P\000a\000y\000o\000f\000f\000s}{subsection.78}% 43
\BOOKMARK [3][]{subsubsection.86}{\376\377\0005\000.\0002\000.\0007\000\040\000R\000i\000s\000k\000s\000\040\000a\000n\000d\000\040\000D\000o\000w\000n\000s\000i\000d\000e}{subsection.78}% 44
\BOOKMARK [3][]{subsubsection.87}{\376\377\0005\000.\0002\000.\0008\000\040\000F\000e\000a\000s\000i\000b\000i\000l\000i\000t\000y\000\040\000a\000n\000d\000\040\000S\000u\000i\000t\000a\000b\000i\000l\000i\000t\000y}{subsection.78}% 45
\BOOKMARK [3][]{subsubsection.88}{\376\377\0005\000.\0002\000.\0009\000\040\000C\000o\000n\000c\000l\000u\000s\000i\000o\000n}{subsection.78}% 46
\BOOKMARK [2][]{subsection.89}{\376\377\0005\000.\0003\000\040\000F\000u\000t\000u\000r\000e\000s}{section.65}% 47
\BOOKMARK [3][]{subsubsection.90}{\376\377\0005\000.\0003\000.\0001\000\040\000M\000e\000c\000h\000a\000n\000i\000c\000s}{subsection.89}% 48
\BOOKMARK [3][]{subsubsection.91}{\376\377\0005\000.\0003\000.\0002\000\040\000S\000i\000z\000e\000\040\000o\000r\000\040\000N\000u\000m\000b\000e\000r\000\040\000o\000f\000\040\000C\000o\000n\000t\000r\000a\000c\000t\000s}{subsection.89}% 49
\BOOKMARK [3][]{subsubsection.92}{\376\377\0005\000.\0003\000.\0003\000\040\000P\000o\000s\000i\000t\000i\000o\000n\000\040\000a\000n\000d\000\040\000C\000o\000n\000t\000r\000a\000c\000t\000\040\000M\000a\000t\000u\000r\000i\000t\000i\000e\000s}{subsection.89}% 50
\BOOKMARK [3][]{subsubsection.93}{\376\377\0005\000.\0003\000.\0004\000\040\000T\000i\000m\000i\000n\000g\000\040\000a\000n\000d\000\040\000T\000e\000n\000o\000r}{subsection.89}% 51
\BOOKMARK [3][]{subsubsection.94}{\376\377\0005\000.\0003\000.\0005\000\040\000I\000n\000i\000t\000i\000a\000l\000\040\000a\000n\000d\000\040\000O\000n\000g\000o\000i\000n\000g\000\040\000C\000a\000s\000h\000f\000l\000o\000w\000s\000\040\000a\000n\000d\000\040\000C\000o\000s\000t\000s}{subsection.89}% 52
\BOOKMARK [3][]{subsubsection.95}{\376\377\0005\000.\0003\000.\0006\000\040\000E\000x\000p\000e\000c\000t\000e\000d\000\040\000O\000u\000t\000c\000o\000m\000e\000s\000\040\000o\000r\000\040\000P\000a\000y\000o\000f\000f\000s}{subsection.89}% 53
\BOOKMARK [3][]{subsubsection.97}{\376\377\0005\000.\0003\000.\0007\000\040\000R\000i\000s\000k\000s\000\040\000a\000n\000d\000\040\000D\000o\000w\000n\000s\000i\000d\000e}{subsection.89}% 54
\BOOKMARK [3][]{subsubsection.98}{\376\377\0005\000.\0003\000.\0008\000\040\000F\000e\000a\000s\000i\000b\000i\000l\000i\000t\000y\000\040\000a\000n\000d\000\040\000S\000u\000i\000t\000a\000b\000i\000l\000i\000t\000y}{subsection.89}% 55
\BOOKMARK [3][]{subsubsection.99}{\376\377\0005\000.\0003\000.\0009\000\040\000C\000o\000n\000c\000l\000u\000s\000i\000o\000n}{subsection.89}% 56
\BOOKMARK [2][]{subsection.100}{\376\377\0005\000.\0004\000\040\000S\000w\000a\000p\000s}{section.65}% 57
\BOOKMARK [3][]{subsubsection.101}{\376\377\0005\000.\0004\000.\0001\000\040\000M\000e\000c\000h\000a\000n\000i\000c\000s}{subsection.100}% 58
\BOOKMARK [3][]{subsubsection.102}{\376\377\0005\000.\0004\000.\0002\000\040\000S\000i\000z\000e\000\040\000o\000r\000\040\000N\000u\000m\000b\000e\000r\000\040\000o\000f\000\040\000C\000o\000n\000t\000r\000a\000c\000t\000s}{subsection.100}% 59
\BOOKMARK [3][]{subsubsection.103}{\376\377\0005\000.\0004\000.\0003\000\040\000P\000o\000s\000i\000t\000i\000o\000n\000\040\000a\000n\000d\000\040\000C\000o\000n\000t\000r\000a\000c\000t\000\040\000M\000a\000t\000u\000r\000i\000t\000i\000e\000s}{subsection.100}% 60
\BOOKMARK [3][]{subsubsection.104}{\376\377\0005\000.\0004\000.\0004\000\040\000T\000i\000m\000i\000n\000g\000\040\000a\000n\000d\000\040\000T\000e\000n\000o\000r}{subsection.100}% 61
\BOOKMARK [3][]{subsubsection.105}{\376\377\0005\000.\0004\000.\0005\000\040\000I\000n\000i\000t\000i\000a\000l\000\040\000a\000n\000d\000\040\000O\000n\000g\000o\000i\000n\000g\000\040\000C\000a\000s\000h\000f\000l\000o\000w\000s\000\040\000a\000n\000d\000\040\000C\000o\000s\000t\000s}{subsection.100}% 62
\BOOKMARK [3][]{subsubsection.106}{\376\377\0005\000.\0004\000.\0006\000\040\000E\000x\000p\000e\000c\000t\000e\000d\000\040\000O\000u\000t\000c\000o\000m\000e\000s\000\040\000o\000r\000\040\000P\000a\000y\000o\000f\000f\000s}{subsection.100}% 63
\BOOKMARK [3][]{subsubsection.108}{\376\377\0005\000.\0004\000.\0007\000\040\000R\000i\000s\000k\000s\000\040\000a\000n\000d\000\040\000D\000o\000w\000n\000s\000i\000d\000e}{subsection.100}% 64
\BOOKMARK [3][]{subsubsection.109}{\376\377\0005\000.\0004\000.\0008\000\040\000F\000e\000a\000s\000i\000b\000i\000l\000i\000t\000y\000\040\000a\000n\000d\000\040\000S\000u\000i\000t\000a\000b\000i\000l\000i\000t\000y}{subsection.100}% 65
\BOOKMARK [3][]{subsubsection.110}{\376\377\0005\000.\0004\000.\0009\000\040\000C\000o\000n\000c\000l\000u\000s\000i\000o\000n}{subsection.100}% 66
\BOOKMARK [2][]{subsection.111}{\376\377\0005\000.\0005\000\040\000O\000p\000t\000i\000o\000n\000s}{section.65}% 67
\BOOKMARK [3][]{subsubsection.112}{\376\377\0005\000.\0005\000.\0001\000\040\000M\000e\000c\000h\000a\000n\000i\000c\000s}{subsection.111}% 68
\BOOKMARK [3][]{subsubsection.113}{\376\377\0005\000.\0005\000.\0002\000\040\000S\000i\000z\000e\000\040\000o\000r\000\040\000N\000u\000m\000b\000e\000r\000\040\000o\000f\000\040\000C\000o\000n\000t\000r\000a\000c\000t\000s}{subsection.111}% 69
\BOOKMARK [3][]{subsubsection.114}{\376\377\0005\000.\0005\000.\0003\000\040\000P\000o\000s\000i\000t\000i\000o\000n\000\040\000a\000n\000d\000\040\000C\000o\000n\000t\000r\000a\000c\000t\000\040\000M\000a\000t\000u\000r\000i\000t\000i\000e\000s}{subsection.111}% 70
\BOOKMARK [3][]{subsubsection.115}{\376\377\0005\000.\0005\000.\0004\000\040\000T\000i\000m\000i\000n\000g\000\040\000a\000n\000d\000\040\000T\000e\000n\000o\000r}{subsection.111}% 71
\BOOKMARK [3][]{subsubsection.116}{\376\377\0005\000.\0005\000.\0005\000\040\000I\000n\000i\000t\000i\000a\000l\000\040\000a\000n\000d\000\040\000O\000n\000g\000o\000i\000n\000g\000\040\000C\000a\000s\000h\000f\000l\000o\000w\000s\000\040\000a\000n\000d\000\040\000C\000o\000s\000t\000s}{subsection.111}% 72
\BOOKMARK [3][]{subsubsection.117}{\376\377\0005\000.\0005\000.\0006\000\040\000E\000x\000p\000e\000c\000t\000e\000d\000\040\000O\000u\000t\000c\000o\000m\000e\000s\000\040\000o\000r\000\040\000P\000a\000y\000o\000f\000f\000s}{subsection.111}% 73
\BOOKMARK [3][]{subsubsection.119}{\376\377\0005\000.\0005\000.\0007\000\040\000R\000i\000s\000k\000s\000\040\000a\000n\000d\000\040\000D\000o\000w\000n\000s\000i\000d\000e}{subsection.111}% 74
\BOOKMARK [3][]{subsubsection.120}{\376\377\0005\000.\0005\000.\0008\000\040\000F\000e\000a\000s\000i\000b\000i\000l\000i\000t\000y\000\040\000a\000n\000d\000\040\000S\000u\000i\000t\000a\000b\000i\000l\000i\000t\000y}{subsection.111}% 75
\BOOKMARK [3][]{subsubsection.121}{\376\377\0005\000.\0005\000.\0009\000\040\000C\000o\000n\000c\000l\000u\000s\000i\000o\000n}{subsection.111}% 76
\BOOKMARK [1][]{section.122}{\376\377\0006\000\040\000H\000e\000d\000g\000i\000n\000g\000\040\000R\000a\000t\000i\000o\000n\000a\000l\000e}{}% 77
